# JRE version: OpenJDK Runtime Environment (8.0_242-b01) (build 1.8.0_242-release-1644-b01)
# Java VM: OpenJDK 64-Bit Server VM (25.242-b01 mixed mode windows-amd64 compressed oops)
Heap:
 PSYoungGen      total 624640K, used 26984K [0x00000000d5580000, 0x0000000100000000, 0x0000000100000000)
  eden space 552448K, 0% used [0x00000000d5580000,0x00000000d5ad9de0,0x00000000f7100000)
  from space 72192K, 29% used [0x00000000fb480000,0x00000000fc9804e8,0x00000000ffb00000)
  to   space 69120K, 0% used [0x00000000f7100000,0x00000000f7100000,0x00000000fb480000)
 ParOldGen       total 349184K, used 153259K [0x0000000080000000, 0x0000000095500000, 0x00000000d5580000)
  object space 349184K, 43% used [0x0000000080000000,0x00000000895aaf48,0x0000000095500000)
 Metaspace       used 177873K, capacity 189094K, committed 189296K, reserved 1214464K
  class space    used 22741K, capacity 24752K, committed 24752K, reserved 1048576K
GC Heap History (10 events):
Event: 1593.951 GC heap before
{Heap before GC invocations=36 (full 5):
 PSYoungGen      total 614400K, used 569692K [0x00000000d5580000, 0x00000000ffa80000, 0x0000000100000000)
  eden space 541696K, 100% used [0x00000000d5580000,0x00000000f6680000,0x00000000f6680000)
  from space 72704K, 38% used [0x00000000fb380000,0x00000000fced7308,0x00000000ffa80000)
  to   space 75776K, 0% used [0x00000000f6680000,0x00000000f6680000,0x00000000fb080000)
 ParOldGen       total 349184K, used 126687K [0x0000000080000000, 0x0000000095500000, 0x00000000d5580000)
  object space 349184K, 36% used [0x0000000080000000,0x0000000087bb7d18,0x0000000095500000)
 Metaspace       used 174550K, capacity 184964K, committed 185200K, reserved 1210368K
  class space    used 22351K, capacity 24225K, committed 24240K, reserved 1048576K
Event: 1593.983 GC heap after
Heap after GC invocations=36 (full 5):
 PSYoungGen      total 617472K, used 14400K [0x00000000d5580000, 0x0000000100000000, 0x0000000100000000)
  eden space 541696K, 0% used [0x00000000d5580000,0x00000000d5580000,0x00000000f6680000)
  from space 75776K, 19% used [0x00000000f6680000,0x00000000f7490398,0x00000000fb080000)
  to   space 75264K, 0% used [0x00000000fb680000,0x00000000fb680000,0x0000000100000000)
 ParOldGen       total 349184K, used 143437K [0x0000000080000000, 0x0000000095500000, 0x00000000d5580000)
  object space 349184K, 41% used [0x0000000080000000,0x0000000088c13690,0x0000000095500000)
 Metaspace       used 174550K, capacity 184964K, committed 185200K, reserved 1210368K
  class space    used 22351K, capacity 24225K, committed 24240K, reserved 1048576K
}
Event: 1595.141 GC heap before
{Heap before GC invocations=37 (full 5):
 PSYoungGen      total 617472K, used 556096K [0x00000000d5580000, 0x0000000100000000, 0x0000000100000000)
  eden space 541696K, 100% used [0x00000000d5580000,0x00000000f6680000,0x00000000f6680000)
  from space 75776K, 19% used [0x00000000f6680000,0x00000000f7490398,0x00000000fb080000)
  to   space 75264K, 0% used [0x00000000fb680000,0x00000000fb680000,0x0000000100000000)
 ParOldGen       total 349184K, used 143437K [0x0000000080000000, 0x0000000095500000, 0x00000000d5580000)
  object space 349184K, 41% used [0x0000000080000000,0x0000000088c13690,0x0000000095500000)
 Metaspace       used 174683K, capacity 185070K, committed 185200K, reserved 1210368K
  class space    used 22368K, capacity 24236K, committed 24240K, reserved 1048576K
Event: 1595.154 GC heap after
Heap after GC invocations=37 (full 5):
 PSYoungGen      total 622592K, used 7932K [0x00000000d5580000, 0x00000000fff80000, 0x0000000100000000)
  eden space 547840K, 0% used [0x00000000d5580000,0x00000000d5580000,0x00000000f6c80000)
  from space 74752K, 10% used [0x00000000fb680000,0x00000000fbe3f1b0,0x00000000fff80000)
  to   space 75264K, 0% used [0x00000000f6c80000,0x00000000f6c80000,0x00000000fb600000)
 ParOldGen       total 349184K, used 144781K [0x0000000080000000, 0x0000000095500000, 0x00000000d5580000)
  object space 349184K, 41% used [0x0000000080000000,0x0000000088d63690,0x0000000095500000)
 Metaspace       used 174683K, capacity 185070K, committed 185200K, reserved 1210368K
  class space    used 22368K, capacity 24236K, committed 24240K, reserved 1048576K
}
Event: 1597.822 GC heap before
{Heap before GC invocations=38 (full 5):
 PSYoungGen      total 622592K, used 555772K [0x00000000d5580000, 0x00000000fff80000, 0x0000000100000000)
  eden space 547840K, 100% used [0x00000000d5580000,0x00000000f6c80000,0x00000000f6c80000)
  from space 74752K, 10% used [0x00000000fb680000,0x00000000fbe3f1b0,0x00000000fff80000)
  to   space 75264K, 0% used [0x00000000f6c80000,0x00000000f6c80000,0x00000000fb600000)
 ParOldGen       total 349184K, used 144781K [0x0000000080000000, 0x0000000095500000, 0x00000000d5580000)
  object space 349184K, 41% used [0x0000000080000000,0x0000000088d63690,0x0000000095500000)
 Metaspace       used 175295K, capacity 185836K, committed 186096K, reserved 1210368K
  class space    used 22429K, capacity 24335K, committed 24368K, reserved 1048576K
Event: 1597.866 GC heap after
Heap after GC invocations=38 (full 5):
 PSYoungGen      total 592896K, used 44881K [0x00000000d5580000, 0x0000000100000000, 0x0000000100000000)
  eden space 547840K, 0% used [0x00000000d5580000,0x00000000d5580000,0x00000000f6c80000)
  from space 45056K, 99% used [0x00000000f6c80000,0x00000000f98544d0,0x00000000f9880000)
  to   space 76288K, 0% used [0x00000000fb580000,0x00000000fb580000,0x0000000100000000)
 ParOldGen       total 349184K, used 145680K [0x0000000080000000, 0x0000000095500000, 0x00000000d5580000)
  object space 349184K, 41% used [0x0000000080000000,0x0000000088e441f0,0x0000000095500000)
 Metaspace       used 175295K, capacity 185836K, committed 186096K, reserved 1210368K
  class space    used 22429K, capacity 24335K, committed 24368K, reserved 1048576K
}
Event: 1856.042 GC heap before
{Heap before GC invocations=39 (full 5):
 PSYoungGen      total 592896K, used 592721K [0x00000000d5580000, 0x0000000100000000, 0x0000000100000000)
  eden space 547840K, 100% used [0x00000000d5580000,0x00000000f6c80000,0x00000000f6c80000)
  from space 45056K, 99% used [0x00000000f6c80000,0x00000000f98544d0,0x00000000f9880000)
  to   space 76288K, 0% used [0x00000000fb580000,0x00000000fb580000,0x0000000100000000)
 ParOldGen       total 349184K, used 145680K [0x0000000080000000, 0x0000000095500000, 0x00000000d5580000)
  object space 349184K, 41% used [0x0000000080000000,0x0000000088e441f0,0x0000000095500000)
 Metaspace       used 177233K, capacity 188242K, committed 188528K, reserved 1212416K
  class space    used 22695K, capacity 24676K, committed 24752K, reserved 1048576K
Event: 1856.068 GC heap after
Heap after GC invocations=39 (full 5):
 PSYoungGen      total 625664K, used 24572K [0x00000000d5580000, 0x0000000100000000, 0x0000000100000000)
  eden space 549376K, 0% used [0x00000000d5580000,0x00000000d5580000,0x00000000f6e00000)
  from space 76288K, 32% used [0x00000000fb580000,0x00000000fcd7f1f8,0x0000000100000000)
  to   space 73216K, 0% used [0x00000000f6e00000,0x00000000f6e00000,0x00000000fb580000)
 ParOldGen       total 349184K, used 147987K [0x0000000080000000, 0x0000000095500000, 0x00000000d5580000)
  object space 349184K, 42% used [0x0000000080000000,0x0000000089084ec0,0x0000000095500000)
 Metaspace       used 177233K, capacity 188242K, committed 188528K, reserved 1212416K
  class space    used 22695K, capacity 24676K, committed 24752K, reserved 1048576K
}
Event: 2268.757 GC heap before
{Heap before GC invocations=40 (full 5):
 PSYoungGen      total 625664K, used 573948K [0x00000000d5580000, 0x0000000100000000, 0x0000000100000000)
  eden space 549376K, 100% used [0x00000000d5580000,0x00000000f6e00000,0x00000000f6e00000)
  from space 76288K, 32% used [0x00000000fb580000,0x00000000fcd7f1f8,0x0000000100000000)
  to   space 73216K, 0% used [0x00000000f6e00000,0x00000000f6e00000,0x00000000fb580000)
 ParOldGen       total 349184K, used 147987K [0x0000000080000000, 0x0000000095500000, 0x00000000d5580000)
  object space 349184K, 42% used [0x0000000080000000,0x0000000089084ec0,0x0000000095500000)
 Metaspace       used 177624K, capacity 188664K, committed 188784K, reserved 1214464K
  class space    used 22725K, capacity 24723K, committed 24752K, reserved 1048576K
Event: 2268.790 GC heap after
Heap after GC invocations=40 (full 5):
 PSYoungGen      total 562176K, used 12742K [0x00000000d5580000, 0x00000000ffb00000, 0x0000000100000000)
  eden space 549376K, 0% used [0x00000000d5580000,0x00000000d5580000,0x00000000f6e00000)
  from space 12800K, 99% used [0x00000000f6e00000,0x00000000f7a71930,0x00000000f7a80000)
  to   space 72192K, 0% used [0x00000000fb480000,0x00000000fb480000,0x00000000ffb00000)
 ParOldGen       total 349184K, used 153251K [0x0000000080000000, 0x0000000095500000, 0x00000000d5580000)
  object space 349184K, 43% used [0x0000000080000000,0x00000000895a8f48,0x0000000095500000)
 Metaspace       used 177624K, capacity 188664K, committed 188784K, reserved 1214464K
  class space    used 22725K, capacity 24723K, committed 24752K, reserved 1048576K
}

